\BOOKMARK [0][-]{chapter.1}{Introduction}{}% 1
\BOOKMARK [1][-]{section.1.1}{Purpose and Scope}{chapter.1}% 2
\BOOKMARK [1][-]{section.1.2}{Brief Company Overviews}{chapter.1}% 3
\BOOKMARK [1][-]{section.1.3}{Introducing the methodology}{chapter.1}% 4
\BOOKMARK [0][-]{chapter.2}{Theoretical Frameworks}{}% 5
\BOOKMARK [1][-]{section.2.1}{Business Models}{chapter.2}% 6
\BOOKMARK [1][-]{section.2.2}{Organizational Structures}{chapter.2}% 7
\BOOKMARK [0][-]{chapter.3}{Case Study: Vinamilk}{}% 8
\BOOKMARK [1][-]{section.3.1}{Company Background}{chapter.3}% 9
\BOOKMARK [1][-]{section.3.2}{Vinamilk's Business Model Analysis}{chapter.3}% 10
\BOOKMARK [1][-]{section.3.3}{Vinamilk's Organizational Structure Analysis}{chapter.3}% 11
\BOOKMARK [1][-]{section.3.4}{Strategic Fit}{chapter.3}% 12
\BOOKMARK [0][-]{chapter.4}{Case Study: VinFast}{}% 13
\BOOKMARK [1][-]{section.4.1}{Company Background}{chapter.4}% 14
\BOOKMARK [1][-]{section.4.2}{VinFast's Business Model Analysis}{chapter.4}% 15
\BOOKMARK [1][-]{section.4.3}{VinFast's Organizational Structure Analysis}{chapter.4}% 16
\BOOKMARK [1][-]{section.4.4}{Strategic Fit}{chapter.4}% 17
\BOOKMARK [0][-]{chapter.5}{Comparative Analysis}{}% 18
\BOOKMARK [1][-]{section.5.1}{Comparison of Business Models}{chapter.5}% 19
\BOOKMARK [1][-]{section.5.2}{Comparison of Organizational Structures}{chapter.5}% 20
\BOOKMARK [1][-]{section.5.3}{Implications of Organizational Structure for Business Model}{chapter.5}% 21
\BOOKMARK [1][-]{section.5.4}{Lessons Learned?...}{chapter.5}% 22
\BOOKMARK [0][-]{chapter.6}{Conclusion}{}% 23
